<?xml version="1.0" encoding="UTF-8"?>
<!-- Generated by org.testng.reporters.JUnitReportReporter -->
<testsuite name="com.automation.uiAutomation.homepage.TC001_VerifyLoginWithInvalidCredentailsToAutoMationPractices" tests="1" time="3.240" ignored="0" failures="0" timestamp="18 Sep 2017 13:55:40 GMT" skipped="0" hostname="EPINHYDW0957" errors="0">
  <testcase name="myTest" time="3.240" classname="com.automation.uiAutomation.homepage.TC001_VerifyLoginWithInvalidCredentailsToAutoMationPractices"/>
</testsuite> <!-- com.automation.uiAutomation.homepage.TC001_VerifyLoginWithInvalidCredentailsToAutoMationPractices -->
